<?xml version="1.0" encoding="UTF-8" ?>
<testsuite tests="15" failures="0" name="com.hauschildt.car.CarTest" time="0.153" errors="0" skipped="0">
  <properties>
[...]
</properties>
  <testcase classname="com.hauschildt.car.CarTest" name="com.hauschildt.car.CarTest.testGetLicensePlate" time="0.087"/>
  <testcase classname="com.hauschildt.car.CarTest" name="com.hauschildt.car.CarTest.testSetLicensePlate" time="0"/>
  <testcase classname="com.hauschildt.car.CarTest" name="com.hauschildt.car.CarTest.testGetMake" time="0.006"/>
  <testcase classname="com.hauschildt.car.CarTest" name="com.hauschildt.car.CarTest.testSetMake" time="0.001"/>
  <testcase classname="com.hauschildt.car.CarTest" name="com.hauschildt.car.CarTest.testGetModel" time="0"/>
  <testcase classname="com.hauschildt.car.CarTest" name="com.hauschildt.car.CarTest.testSetModel" time="0"/>
  <testcase classname="com.hauschildt.car.CarTest" name="com.hauschildt.car.CarTest.testGetModelYear" time="0.001"/>
  <testcase classname="com.hauschildt.car.CarTest" name="com.hauschildt.car.CarTest.testSetModelYearGoodArbitrary" time="0"/>
  <testcase classname="com.hauschildt.car.CarTest" name="com.hauschildt.car.CarTest.testSetModelYearGoodMinimum" time="0.001"/>
  <testcase classname="com.hauschildt.car.CarTest" name="com.hauschildt.car.CarTest.testSetModelYearBad1892" time="0.004"/>
  <testcase classname="com.hauschildt.car.CarTest" name="com.hauschildt.car.CarTest.testGetHighestAllowedModelYear" time="0.001"/>
  <testcase classname="com.hauschildt.car.CarTest" name="com.hauschildt.car.CarTest.testToString" time="0.051"/>
  <testcase classname="com.hauschildt.car.CarTest" name="com.hauschildt.car.CarTest.testCompareToSorted" time="0"/>
  <testcase classname="com.hauschildt.car.CarTest" name="com.hauschildt.car.CarTest.testCompareToUnsorted" time="0.001"/>
  <testcase classname="com.hauschildt.car.CarTest" name="com.hauschildt.car.CarTest.testCompareToEqual" time="0"/>
</testsuite>